Using pre-set license
Built from '2020.3/staging' branch; Version is '2020.3.22f1 (e1a7f79fd887) revision 14788599'; Using compiler version '192528614'; Build Type 'Release'
OS: 'Windows 10 Home; OS build 19042.1288; Version 2009; 64bit' Language: 'pl' Physical Memory: 8052 MB
BatchMode: 1, IsHumanControllingUs: 0, StartBugReporterOnCrash: 0, Is64bit: 1, IsPro: 0

COMMAND LINE ARGUMENTS:
C:\Program Files\Unity\Hub\Editor\2020.3.22f1\Editor\Unity.exe
-adb2
-batchMode
-noUpm
-name
AssetImportWorker0
-projectPath
C:/Users/Roach/Desktop/Moje Gry/Labirynt
-logFile
Logs/AssetImportWorker0.log
-srvPort
51067
Successfully changed project path to: C:/Users/Roach/Desktop/Moje Gry/Labirynt
C:/Users/Roach/Desktop/Moje Gry/Labirynt
Using Asset Import Pipeline V2.
Refreshing native plugins compatible for Editor in 119.31 ms, found 2 plugins.
Preloading 0 native plugins for Editor in 0.00 ms.
Initialize engine version: 2020.3.22f1 (e1a7f79fd887)
[Subsystems] Discovering subsystems at path C:/Program Files/Unity/Hub/Editor/2020.3.22f1/Editor/Data/Resources/UnitySubsystems
[Subsystems] Discovering subsystems at path C:/Users/Roach/Desktop/Moje Gry/Labirynt/Assets
GfxDevice: creating device client; threaded=0
Direct3D:
    Version:  Direct3D 11.0 [level 11.1]
    Renderer: NVIDIA GeForce GTX 1050 (ID=0x1c8d)
    Vendor:   
    VRAM:     4019 MB
    Driver:   27.21.14.6231
Initialize mono
Mono path[0] = 'C:/Program Files/Unity/Hub/Editor/2020.3.22f1/Editor/Data/Managed'
Mono path[1] = 'C:/Program Files/Unity/Hub/Editor/2020.3.22f1/Editor/Data/MonoBleedingEdge/lib/mono/unityjit'
Mono config path = 'C:/Program Files/Unity/Hub/Editor/2020.3.22f1/Editor/Data/MonoBleedingEdge/etc'
Using monoOptions --debugger-agent=transport=dt_socket,embedding=1,server=y,suspend=n,address=127.0.0.1:56700
Begin MonoManager ReloadAssembly
Registering precompiled unity dll's ...
Register platform support module: C:/Program Files/Unity/Hub/Editor/2020.3.22f1/Editor/Data/PlaybackEngines/WindowsStandaloneSupport/UnityEditor.WindowsStandalone.Extensions.dll
Registered in 0.010192 seconds.
Native extension for WindowsStandalone target not found
Refreshing native plugins compatible for Editor in 193.77 ms, found 2 plugins.
Preloading 0 native plugins for Editor in 0.00 ms.
Mono: successfully reloaded assembly
- Completed reload, in  5.417 seconds
Domain Reload Profiling:
	ReloadAssembly (5418ms)
		BeginReloadAssembly (172ms)
			ExecutionOrderSort (0ms)
			DisableScriptedObjects (0ms)
			BackupInstance (0ms)
			ReleaseScriptingObjects (0ms)
			CreateAndSetChildDomain (2ms)
		EndReloadAssembly (1603ms)
			LoadAssemblies (163ms)
			RebuildTransferFunctionScriptingTraits (0ms)
			SetupTypeCache (515ms)
			ReleaseScriptCaches (0ms)
			RebuildScriptCaches (97ms)
			SetupLoadedEditorAssemblies (622ms)
				LogAssemblyErrors (0ms)
				InitializePlatformSupportModulesInManaged (9ms)
				SetLoadedEditorAssemblies (0ms)
				RefreshPlugins (194ms)
				BeforeProcessingInitializeOnLoad (50ms)
				ProcessInitializeOnLoadAttributes (290ms)
				ProcessInitializeOnLoadMethodAttributes (78ms)
				AfterProcessingInitializeOnLoad (0ms)
				EditorAssembliesLoaded (0ms)
			ExecutionOrderSort2 (0ms)
			AwakeInstancesAfterBackupRestoration (0ms)
Platform modules already initialized, skipping
Registering precompiled user dll's ...
Registered in 0.033583 seconds.
Begin MonoManager ReloadAssembly
Native extension for WindowsStandalone target not found
Refreshing native plugins compatible for Editor in 1.10 ms, found 2 plugins.
Preloading 0 native plugins for Editor in 0.00 ms.
Mono: successfully reloaded assembly
- Completed reload, in  3.843 seconds
Domain Reload Profiling:
	ReloadAssembly (3849ms)
		BeginReloadAssembly (651ms)
			ExecutionOrderSort (0ms)
			DisableScriptedObjects (21ms)
			BackupInstance (0ms)
			ReleaseScriptingObjects (0ms)
			CreateAndSetChildDomain (60ms)
		EndReloadAssembly (2981ms)
			LoadAssemblies (387ms)
			RebuildTransferFunctionScriptingTraits (0ms)
			SetupTypeCache (852ms)
			ReleaseScriptCaches (1ms)
			RebuildScriptCaches (130ms)
			SetupLoadedEditorAssemblies (1282ms)
				LogAssemblyErrors (0ms)
				InitializePlatformSupportModulesInManaged (22ms)
				SetLoadedEditorAssemblies (2ms)
				RefreshPlugins (1ms)
				BeforeProcessingInitializeOnLoad (367ms)
				ProcessInitializeOnLoadAttributes (826ms)
				ProcessInitializeOnLoadMethodAttributes (35ms)
				AfterProcessingInitializeOnLoad (29ms)
				EditorAssembliesLoaded (1ms)
			ExecutionOrderSort2 (0ms)
			AwakeInstancesAfterBackupRestoration (23ms)
Platform modules already initialized, skipping
========================================================================
Worker process is ready to serve import requests
Launched and connected shader compiler UnityShaderCompiler.exe after 0.22 seconds
Refreshing native plugins compatible for Editor in 0.78 ms, found 2 plugins.
Preloading 0 native plugins for Editor in 0.00 ms.
Unloading 1489 Unused Serialized files (Serialized files now loaded: 0)
System memory in use before: 85.7 MB.
System memory in use after: 85.7 MB.

Unloading 19 unused Assets to reduce memory usage. Loaded Objects now: 1942.
Total: 8.407400 ms (FindLiveObjects: 0.433300 ms CreateObjectMapping: 0.154300 ms MarkObjects: 7.630600 ms  DeleteObjects: 0.186500 ms)

AssetImportParameters requested are different than current active one (requested -> active):
  custom:framework-win-MediaFoundation: 216162199b28c13a410421893ffa2e32 -> 
  custom:video-decoder-ogg-theora: a1e56fd34408186e4bbccfd4996cb3dc -> 
  custom:container-muxer-webm: aa71ff27fc2769a1b78a27578f13a17b -> 
  custom:container-demuxer-webm: 4f35f7cbe854078d1ac9338744f61a02 -> 
  custom:container-demuxer-ogg: 62fdf1f143b41e24485cea50d1cbac27 -> 
  custom:video-encoder-webm-vp8: eb34c28f22e8b96e1ab97ce403110664 -> 
  custom:video-codec-MediaFoundation-h265: 746d11721c4dcdbdad8f713fa42b33f4 -> 
  custom:video-decoder-webm-vp8: 9c59270c3fd7afecdb556c50c9e8de78 -> 
  custom:audio-decoder-ogg-vorbis: bf7c407c2cedff20999df2af8eb42d56 -> 
  custom:audio-encoder-webm-vorbis: bf7c407c2cedff20999df2af8eb42d56 -> 
========================================================================
Received Import Request.
  path: Assets/Plugins/Wolf3D/RPM Avatar Pack/Prefabs/Female/Female_05_V02.prefab
  artifactKey: Guid(890b24cb9cc638147b1ecb0ad76bb912) Importer(815301076,1909f56bfc062723c751e8b465ee728b)
Start importing Assets/Plugins/Wolf3D/RPM Avatar Pack/Prefabs/Female/Female_05_V02.prefab using Guid(890b24cb9cc638147b1ecb0ad76bb912) Importer(815301076,1909f56bfc062723c751e8b465ee728b)  -> (artifact id: '932c8b2dd904bfb7297c686dd0b7db8b') in 1.666235 seconds 
  Import took 1.677277 seconds .

========================================================================
Received Import Request.
  Time since last request: 0.000633 seconds.
  path: Assets/Plugins/Wolf3D/RPM Avatar Pack/Prefabs/Female/Female_04_V01.prefab
  artifactKey: Guid(0afed582f01c71a4d9406ea526cdc7a7) Importer(815301076,1909f56bfc062723c751e8b465ee728b)
Start importing Assets/Plugins/Wolf3D/RPM Avatar Pack/Prefabs/Female/Female_04_V01.prefab using Guid(0afed582f01c71a4d9406ea526cdc7a7) Importer(815301076,1909f56bfc062723c751e8b465ee728b)  -> (artifact id: 'a51eae14c78017865412f94d7a7d508e') in 0.218339 seconds 
  Import took 0.227061 seconds .

========================================================================
Received Import Request.
  Time since last request: 0.000552 seconds.
  path: Assets/Plugins/Wolf3D/RPM Avatar Pack/Materials/Male_05_Glasses.mat
  artifactKey: Guid(ba660f0c5de27fe48b2ceca7b0538c81) Importer(815301076,1909f56bfc062723c751e8b465ee728b)
Start importing Assets/Plugins/Wolf3D/RPM Avatar Pack/Materials/Male_05_Glasses.mat using Guid(ba660f0c5de27fe48b2ceca7b0538c81) Importer(815301076,1909f56bfc062723c751e8b465ee728b)  -> (artifact id: 'e65566fa881bfd2f6a64dd85539ed2a7') in 0.387923 seconds 
  Import took 0.398852 seconds .

========================================================================
Received Import Request.
  Time since last request: 0.000592 seconds.
  path: Assets/Plugins/Wolf3D/RPM Avatar Pack/Prefabs/Female
  artifactKey: Guid(52492531324ee0746a06006cfb2df1ac) Importer(815301076,1909f56bfc062723c751e8b465ee728b)
Start importing Assets/Plugins/Wolf3D/RPM Avatar Pack/Prefabs/Female using Guid(52492531324ee0746a06006cfb2df1ac) Importer(815301076,1909f56bfc062723c751e8b465ee728b)  -> (artifact id: 'f9c1288f8676715119af2143d2c04d3a') in 0.028769 seconds 
  Import took 0.036416 seconds .

========================================================================
Received Import Request.
  Time since last request: 0.000675 seconds.
  path: Assets/Plugins/Wolf3D/RPM Avatar Pack/Prefabs/Female/Female_01_V01.prefab
  artifactKey: Guid(e538ce5be5a517a43903fed4114f19e4) Importer(815301076,1909f56bfc062723c751e8b465ee728b)
Start importing Assets/Plugins/Wolf3D/RPM Avatar Pack/Prefabs/Female/Female_01_V01.prefab using Guid(e538ce5be5a517a43903fed4114f19e4) Importer(815301076,1909f56bfc062723c751e8b465ee728b)  -> (artifact id: '9bd015eb3c8fafcac8be435d942cbe88') in 0.130466 seconds 
  Import took 0.141621 seconds .

========================================================================
Received Import Request.
  Time since last request: 0.000571 seconds.
  path: Assets/Plugins/Wolf3D/RPM Avatar Pack/Materials/Male_03_Glasses.mat
  artifactKey: Guid(e8707e5375e1ebf4c8da558457fe8825) Importer(815301076,1909f56bfc062723c751e8b465ee728b)
Start importing Assets/Plugins/Wolf3D/RPM Avatar Pack/Materials/Male_03_Glasses.mat using Guid(e8707e5375e1ebf4c8da558457fe8825) Importer(815301076,1909f56bfc062723c751e8b465ee728b)  -> (artifact id: '856df27ad645d88943176e69d6f504b3') in 0.046293 seconds 
  Import took 0.054070 seconds .

========================================================================
Received Import Request.
  Time since last request: 0.000590 seconds.
  path: Assets/Plugins/Wolf3D/RPM Avatar Pack/Prefabs/Female/Female_03_V01.prefab
  artifactKey: Guid(2eb8f8e6ac0b42a4895e1b4844a3a1d4) Importer(815301076,1909f56bfc062723c751e8b465ee728b)
Start importing Assets/Plugins/Wolf3D/RPM Avatar Pack/Prefabs/Female/Female_03_V01.prefab using Guid(2eb8f8e6ac0b42a4895e1b4844a3a1d4) Importer(815301076,1909f56bfc062723c751e8b465ee728b)  -> (artifact id: '5d71cc59945b773c0fc6ff5673718546') in 0.156630 seconds 
  Import took 0.167700 seconds .

========================================================================
Received Import Request.
  Time since last request: 0.000664 seconds.
  path: Assets/Plugins/Wolf3D/RPM Avatar Pack/Materials/Ground.mat
  artifactKey: Guid(e57c7db151ba9c54da4d484b6de73b1f) Importer(815301076,1909f56bfc062723c751e8b465ee728b)
Start importing Assets/Plugins/Wolf3D/RPM Avatar Pack/Materials/Ground.mat using Guid(e57c7db151ba9c54da4d484b6de73b1f) Importer(815301076,1909f56bfc062723c751e8b465ee728b)  -> (artifact id: 'cf74c04cd06e3235a1ecfbfd07bfcabe') in 0.059341 seconds 
  Import took 0.066664 seconds .

========================================================================
Received Import Request.
  Time since last request: 0.000781 seconds.
  path: Assets/Plugins/Wolf3D/RPM Avatar Pack/Prefabs/Female/Female_06_V01.prefab
  artifactKey: Guid(2d1259920ab6bbe45b04fec3f7f490d0) Importer(815301076,1909f56bfc062723c751e8b465ee728b)
Start importing Assets/Plugins/Wolf3D/RPM Avatar Pack/Prefabs/Female/Female_06_V01.prefab using Guid(2d1259920ab6bbe45b04fec3f7f490d0) Importer(815301076,1909f56bfc062723c751e8b465ee728b)  -> (artifact id: '67b8d08ba6e5eea708c3fee8f547ee2a') in 0.159909 seconds 
  Import took 0.169429 seconds .

========================================================================
Received Import Request.
  Time since last request: 0.000578 seconds.
  path: Assets/Plugins/Wolf3D/RPM Avatar Pack/Prefabs/Female/Female_04_V02.prefab
  artifactKey: Guid(0b370994ff1266140ad55b8b24ef039d) Importer(815301076,1909f56bfc062723c751e8b465ee728b)
Start importing Assets/Plugins/Wolf3D/RPM Avatar Pack/Prefabs/Female/Female_04_V02.prefab using Guid(0b370994ff1266140ad55b8b24ef039d) Importer(815301076,1909f56bfc062723c751e8b465ee728b)  -> (artifact id: 'b1004010cb7d874589a70f8013b17aac') in 0.141028 seconds 
  Import took 0.148788 seconds .

========================================================================
Received Import Request.
  Time since last request: 0.000541 seconds.
  path: Assets/Plugins/Wolf3D/RPM Avatar Pack/Prefabs/Female/Female_05_V01.prefab
  artifactKey: Guid(e3499db628d04234ab4cb537b26cda6a) Importer(815301076,1909f56bfc062723c751e8b465ee728b)
Start importing Assets/Plugins/Wolf3D/RPM Avatar Pack/Prefabs/Female/Female_05_V01.prefab using Guid(e3499db628d04234ab4cb537b26cda6a) Importer(815301076,1909f56bfc062723c751e8b465ee728b)  -> (artifact id: '7ab3879d417caa8a80bb8065c8994048') in 0.188904 seconds 
  Import took 0.197146 seconds .

========================================================================
Received Import Request.
  Time since last request: 0.000625 seconds.
  path: Assets/Plugins/Wolf3D/RPM Avatar Pack/Prefabs/Female/Female_06_V02.prefab
  artifactKey: Guid(eec2f43d2bd178a4c870b251bff8e62e) Importer(815301076,1909f56bfc062723c751e8b465ee728b)
Start importing Assets/Plugins/Wolf3D/RPM Avatar Pack/Prefabs/Female/Female_06_V02.prefab using Guid(eec2f43d2bd178a4c870b251bff8e62e) Importer(815301076,1909f56bfc062723c751e8b465ee728b)  -> (artifact id: '592efb3542d30fdcd96ff71adc8020be') in 0.142565 seconds 
  Import took 0.152159 seconds .

========================================================================
Received Import Request.
  Time since last request: 0.000766 seconds.
  path: Assets/Plugins/Wolf3D/RPM Avatar Pack/Prefabs/Female/Female_02_V01.prefab
  artifactKey: Guid(71bb1e3f87423f040a503675f8e80f37) Importer(815301076,1909f56bfc062723c751e8b465ee728b)
Start importing Assets/Plugins/Wolf3D/RPM Avatar Pack/Prefabs/Female/Female_02_V01.prefab using Guid(71bb1e3f87423f040a503675f8e80f37) Importer(815301076,1909f56bfc062723c751e8b465ee728b)  -> (artifact id: '171d0f517c96ddb64b360462498cc3bf') in 0.289050 seconds 
  Import took 0.296738 seconds .

========================================================================
Received Import Request.
  Time since last request: 0.000481 seconds.
  path: Assets/Plugins/Wolf3D/RPM Avatar Pack/Prefabs/Female/Female_01_V02.prefab
  artifactKey: Guid(207e70b096631b94587be9188cd3ad07) Importer(815301076,1909f56bfc062723c751e8b465ee728b)
Start importing Assets/Plugins/Wolf3D/RPM Avatar Pack/Prefabs/Female/Female_01_V02.prefab using Guid(207e70b096631b94587be9188cd3ad07) Importer(815301076,1909f56bfc062723c751e8b465ee728b)  -> (artifact id: 'c1c72f5642d0f3852d09df1fd8759208') in 0.138172 seconds 
  Import took 0.146479 seconds .

========================================================================
Received Import Request.
  Time since last request: 0.000648 seconds.
  path: Assets/Plugins/Wolf3D/RPM Avatar Pack/Prefabs/Female/Female_03_V02.prefab
  artifactKey: Guid(4c8fbf777ee1e0347a5fbb2ce748b3b5) Importer(815301076,1909f56bfc062723c751e8b465ee728b)
Start importing Assets/Plugins/Wolf3D/RPM Avatar Pack/Prefabs/Female/Female_03_V02.prefab using Guid(4c8fbf777ee1e0347a5fbb2ce748b3b5) Importer(815301076,1909f56bfc062723c751e8b465ee728b)  -> (artifact id: '9207cede5a97bb14fb516de3a7ff4625') in 0.300629 seconds 
  Import took 0.310206 seconds .

========================================================================
Received Import Request.
  Time since last request: 0.000656 seconds.
  path: Assets/Plugins/Wolf3D/RPM Avatar Pack/Prefabs/Female/Female_02_V02.prefab
  artifactKey: Guid(61fed6d44d2bf67488e3e6659914c382) Importer(815301076,1909f56bfc062723c751e8b465ee728b)
Start importing Assets/Plugins/Wolf3D/RPM Avatar Pack/Prefabs/Female/Female_02_V02.prefab using Guid(61fed6d44d2bf67488e3e6659914c382) Importer(815301076,1909f56bfc062723c751e8b465ee728b)  -> (artifact id: 'e64bf15a67fb14e3247cb970bc296695') in 0.162175 seconds 
  Import took 0.170521 seconds .

========================================================================
Received Import Request.
  Time since last request: 0.000657 seconds.
  path: Assets/Plugins/Wolf3D/RPM Avatar Pack/Materials/Female_05_Glasses.mat
  artifactKey: Guid(c77bb14403549764ea67f00576ee7dae) Importer(815301076,1909f56bfc062723c751e8b465ee728b)
Start importing Assets/Plugins/Wolf3D/RPM Avatar Pack/Materials/Female_05_Glasses.mat using Guid(c77bb14403549764ea67f00576ee7dae) Importer(815301076,1909f56bfc062723c751e8b465ee728b)  -> (artifact id: '4f7b839d85789ca0671112892f2e8663') in 0.058299 seconds 
  Import took 0.069497 seconds .

========================================================================
Received Import Request.
  Time since last request: 0.000729 seconds.
  path: Assets/Plugins/Wolf3D/RPM Avatar Pack/Materials/Female_03_Glasses.mat
  artifactKey: Guid(8619e18f7ccad8c40bf52d00b6cb5fcc) Importer(815301076,1909f56bfc062723c751e8b465ee728b)
Start importing Assets/Plugins/Wolf3D/RPM Avatar Pack/Materials/Female_03_Glasses.mat using Guid(8619e18f7ccad8c40bf52d00b6cb5fcc) Importer(815301076,1909f56bfc062723c751e8b465ee728b)  -> (artifact id: 'e5d53f1bd196271f4d7334cec201275d') in 0.066656 seconds 
  Import took 0.078462 seconds .

========================================================================
Received Import Request.
  Time since last request: 0.000277 seconds.
  path: Assets/Plugins/Wolf3D/RPM Avatar Pack/Materials/Teeth.mat
  artifactKey: Guid(46854f9218c656d4893058b6d8248e7e) Importer(815301076,1909f56bfc062723c751e8b465ee728b)
Start importing Assets/Plugins/Wolf3D/RPM Avatar Pack/Materials/Teeth.mat using Guid(46854f9218c656d4893058b6d8248e7e) Importer(815301076,1909f56bfc062723c751e8b465ee728b)  -> (artifact id: '65b072b2485a8bed240075175a5d587c') in 0.061052 seconds 
  Import took 0.069338 seconds .

========================================================================
Received Import Request.
  Time since last request: 0.000495 seconds.
  path: Assets/Plugins/Wolf3D/RPM Avatar Pack/Materials/Background.mat
  artifactKey: Guid(03940e6c82cd5474c973192fcd4e7773) Importer(815301076,1909f56bfc062723c751e8b465ee728b)
Start importing Assets/Plugins/Wolf3D/RPM Avatar Pack/Materials/Background.mat using Guid(03940e6c82cd5474c973192fcd4e7773) Importer(815301076,1909f56bfc062723c751e8b465ee728b)  -> (artifact id: 'ef6f2b6cab2b09692c44ca4beb028d0b') in 0.062981 seconds 
  Import took 0.072176 seconds .

